[env] host=stud-000 date=Fri Nov 21 09:51:44 CET 2025
[env] RUN_DIR=/home/canelo/uncertainty_quantification/outputs/trainings/training_prune2_new_ds_base_point_20251120-1706/point_300_epochs_200ep_s1_20251121-095142
[model] in_dim=4772 hidden=[512, 512, 256] head=point params=2,840,577
[train] host=stud-000 device=cuda head=point epochs=300
[epoch 1] train_loss=17019.2613 val_loss=16819.1776 val_mae_orig=16817.4512 obj(val_mae_orig)=16817.4512
[epoch 2] train_loss=16863.0588 val_loss=16622.2645 val_mae_orig=16620.4785 obj(val_mae_orig)=16620.4785
[epoch 3] train_loss=16633.8975 val_loss=16374.5334 val_mae_orig=16372.7314 obj(val_mae_orig)=16372.7314
[epoch 4] train_loss=16365.3878 val_loss=16102.0984 val_mae_orig=16100.1572 obj(val_mae_orig)=16100.1572
[epoch 5] train_loss=16052.2331 val_loss=15764.2768 val_mae_orig=15762.4062 obj(val_mae_orig)=15762.4062
[epoch 6] train_loss=15690.2933 val_loss=15398.5727 val_mae_orig=15396.5654 obj(val_mae_orig)=15396.5654
[epoch 7] train_loss=15278.0489 val_loss=14964.8054 val_mae_orig=14962.8223 obj(val_mae_orig)=14962.8223
[epoch 8] train_loss=14819.0682 val_loss=14518.7968 val_mae_orig=14516.6738 obj(val_mae_orig)=14516.6738
[epoch 9] train_loss=14250.6667 val_loss=13897.4097 val_mae_orig=13895.2041 obj(val_mae_orig)=13895.2041
[epoch 10] train_loss=13637.6229 val_loss=13333.2497 val_mae_orig=13330.5596 obj(val_mae_orig)=13330.5596
[epoch 11] train_loss=12982.7022 val_loss=12692.1182 val_mae_orig=12689.7393 obj(val_mae_orig)=12689.7393
[epoch 12] train_loss=12252.1274 val_loss=12077.7178 val_mae_orig=12075.0029 obj(val_mae_orig)=12075.0029
[epoch 13] train_loss=11491.9947 val_loss=11301.2790 val_mae_orig=11298.7402 obj(val_mae_orig)=11298.7402
[epoch 14] train_loss=10663.8823 val_loss=10459.2508 val_mae_orig=10456.7910 obj(val_mae_orig)=10456.7910
[epoch 15] train_loss=9787.6833 val_loss=9662.8997 val_mae_orig=9660.1221 obj(val_mae_orig)=9660.1221
[epoch 16] train_loss=8871.4441 val_loss=8638.8649 val_mae_orig=8635.9785 obj(val_mae_orig)=8635.9785
[epoch 17] train_loss=7911.0485 val_loss=7728.1519 val_mae_orig=7725.4561 obj(val_mae_orig)=7725.4561
[epoch 18] train_loss=6934.5231 val_loss=6858.5311 val_mae_orig=6855.3374 obj(val_mae_orig)=6855.3374
[epoch 19] train_loss=5978.7467 val_loss=6107.0065 val_mae_orig=6103.0879 obj(val_mae_orig)=6103.0879
[epoch 20] train_loss=4930.4078 val_loss=4931.4763 val_mae_orig=4928.1689 obj(val_mae_orig)=4928.1689
[epoch 21] train_loss=3731.7786 val_loss=3859.3645 val_mae_orig=3856.5715 obj(val_mae_orig)=3856.5715
[epoch 22] train_loss=3050.6758 val_loss=3353.0251 val_mae_orig=3350.6938 obj(val_mae_orig)=3350.6938
[epoch 23] train_loss=2630.9008 val_loss=3041.9477 val_mae_orig=3039.8000 obj(val_mae_orig)=3039.8000
[epoch 24] train_loss=2416.3753 val_loss=2915.3636 val_mae_orig=2913.3987 obj(val_mae_orig)=2913.3987
[epoch 25] train_loss=2289.0951 val_loss=2840.6665 val_mae_orig=2838.4087 obj(val_mae_orig)=2838.4087
[epoch 26] train_loss=2210.5283 val_loss=2819.4997 val_mae_orig=2817.9832 obj(val_mae_orig)=2817.9832
[epoch 27] train_loss=2164.6943 val_loss=2792.2186 val_mae_orig=2790.3279 obj(val_mae_orig)=2790.3279
[epoch 28] train_loss=2117.6138 val_loss=2783.6381 val_mae_orig=2781.5500 obj(val_mae_orig)=2781.5500
[epoch 29] train_loss=2075.6782 val_loss=2744.9482 val_mae_orig=2742.0684 obj(val_mae_orig)=2742.0684
[epoch 30] train_loss=2051.9855 val_loss=2724.0599 val_mae_orig=2722.0947 obj(val_mae_orig)=2722.0947
[epoch 31] train_loss=2006.6584 val_loss=2707.6835 val_mae_orig=2705.2605 obj(val_mae_orig)=2705.2605
[epoch 32] train_loss=1980.6863 val_loss=2708.0317 val_mae_orig=2705.8560 obj(val_mae_orig)=2705.8560
[epoch 33] train_loss=1960.0463 val_loss=2682.7474 val_mae_orig=2680.7112 obj(val_mae_orig)=2680.7112
[epoch 34] train_loss=1929.5383 val_loss=2684.8826 val_mae_orig=2682.8909 obj(val_mae_orig)=2682.8909
[epoch 35] train_loss=1926.3435 val_loss=2712.0241 val_mae_orig=2710.4517 obj(val_mae_orig)=2710.4517
[epoch 36] train_loss=1898.7490 val_loss=2680.7466 val_mae_orig=2678.7371 obj(val_mae_orig)=2678.7371
[epoch 37] train_loss=1872.1745 val_loss=2654.7814 val_mae_orig=2652.6907 obj(val_mae_orig)=2652.6907
[epoch 38] train_loss=1868.5945 val_loss=2688.7397 val_mae_orig=2686.5122 obj(val_mae_orig)=2686.5122
[epoch 39] train_loss=1846.4648 val_loss=2646.1696 val_mae_orig=2643.9336 obj(val_mae_orig)=2643.9336
[epoch 40] train_loss=1831.4061 val_loss=2650.5439 val_mae_orig=2648.7214 obj(val_mae_orig)=2648.7214
[epoch 41] train_loss=1832.5703 val_loss=2629.0426 val_mae_orig=2627.5520 obj(val_mae_orig)=2627.5520
[epoch 42] train_loss=1806.3372 val_loss=2656.5277 val_mae_orig=2654.6406 obj(val_mae_orig)=2654.6406
[epoch 43] train_loss=1800.6814 val_loss=2621.6220 val_mae_orig=2620.1384 obj(val_mae_orig)=2620.1384
[epoch 44] train_loss=1786.6357 val_loss=2640.9673 val_mae_orig=2639.2551 obj(val_mae_orig)=2639.2551
[epoch 45] train_loss=1774.9160 val_loss=2650.9414 val_mae_orig=2648.6604 obj(val_mae_orig)=2648.6604
[epoch 46] train_loss=1760.9465 val_loss=2608.6529 val_mae_orig=2607.2004 obj(val_mae_orig)=2607.2004
[epoch 47] train_loss=1757.1257 val_loss=2627.1357 val_mae_orig=2625.1470 obj(val_mae_orig)=2625.1470
[epoch 48] train_loss=1748.0125 val_loss=2590.0582 val_mae_orig=2587.9133 obj(val_mae_orig)=2587.9133
[epoch 49] train_loss=1739.9462 val_loss=2582.4643 val_mae_orig=2580.5125 obj(val_mae_orig)=2580.5125
[epoch 50] train_loss=1734.3065 val_loss=2595.8131 val_mae_orig=2593.9482 obj(val_mae_orig)=2593.9482
[epoch 51] train_loss=1722.9256 val_loss=2621.8587 val_mae_orig=2620.0127 obj(val_mae_orig)=2620.0127
[epoch 52] train_loss=1723.7373 val_loss=2584.9495 val_mae_orig=2582.8413 obj(val_mae_orig)=2582.8413
[epoch 53] train_loss=1697.4417 val_loss=2586.9967 val_mae_orig=2585.3362 obj(val_mae_orig)=2585.3362
[epoch 54] train_loss=1695.8101 val_loss=2612.0144 val_mae_orig=2609.1892 obj(val_mae_orig)=2609.1892
[epoch 55] train_loss=1696.7182 val_loss=2577.9729 val_mae_orig=2575.3718 obj(val_mae_orig)=2575.3718
[epoch 56] train_loss=1686.3216 val_loss=2623.6151 val_mae_orig=2621.1335 obj(val_mae_orig)=2621.1335
[epoch 57] train_loss=1687.1345 val_loss=2599.5113 val_mae_orig=2596.8772 obj(val_mae_orig)=2596.8772
[epoch 58] train_loss=1667.9299 val_loss=2578.8126 val_mae_orig=2576.5559 obj(val_mae_orig)=2576.5559
[epoch 59] train_loss=1666.3922 val_loss=2560.8253 val_mae_orig=2558.1885 obj(val_mae_orig)=2558.1885
[epoch 60] train_loss=1659.2058 val_loss=2570.6060 val_mae_orig=2568.3499 obj(val_mae_orig)=2568.3499
[epoch 61] train_loss=1653.7592 val_loss=2586.1245 val_mae_orig=2583.5161 obj(val_mae_orig)=2583.5161
[epoch 62] train_loss=1653.0922 val_loss=2576.9825 val_mae_orig=2575.2734 obj(val_mae_orig)=2575.2734
[epoch 63] train_loss=1649.2703 val_loss=2558.7767 val_mae_orig=2556.7708 obj(val_mae_orig)=2556.7708
[epoch 64] train_loss=1644.1046 val_loss=2576.0252 val_mae_orig=2574.1895 obj(val_mae_orig)=2574.1895
[epoch 65] train_loss=1640.6280 val_loss=2555.7750 val_mae_orig=2553.7085 obj(val_mae_orig)=2553.7085
[epoch 66] train_loss=1637.0700 val_loss=2659.2134 val_mae_orig=2657.1655 obj(val_mae_orig)=2657.1655
[epoch 67] train_loss=1631.5159 val_loss=2584.4209 val_mae_orig=2581.7688 obj(val_mae_orig)=2581.7688
[epoch 68] train_loss=1622.0244 val_loss=2589.5066 val_mae_orig=2587.2720 obj(val_mae_orig)=2587.2720
[epoch 69] train_loss=1620.6788 val_loss=2558.7045 val_mae_orig=2556.0740 obj(val_mae_orig)=2556.0740
[epoch 70] train_loss=1617.2028 val_loss=2560.0137 val_mae_orig=2557.7822 obj(val_mae_orig)=2557.7822
[epoch 71] train_loss=1599.6335 val_loss=2600.2911 val_mae_orig=2598.1748 obj(val_mae_orig)=2598.1748
[epoch 72] train_loss=1603.0782 val_loss=2538.8645 val_mae_orig=2536.8147 obj(val_mae_orig)=2536.8147
[epoch 73] train_loss=1603.0875 val_loss=2565.2636 val_mae_orig=2563.2007 obj(val_mae_orig)=2563.2007
[epoch 74] train_loss=1595.4858 val_loss=2522.7799 val_mae_orig=2520.4392 obj(val_mae_orig)=2520.4392
[epoch 75] train_loss=1594.7921 val_loss=2624.7466 val_mae_orig=2622.9397 obj(val_mae_orig)=2622.9397
[epoch 76] train_loss=1588.7117 val_loss=2535.1920 val_mae_orig=2533.6006 obj(val_mae_orig)=2533.6006
[epoch 77] train_loss=1595.1089 val_loss=2537.2077 val_mae_orig=2535.0347 obj(val_mae_orig)=2535.0347
[epoch 78] train_loss=1579.1224 val_loss=2544.7182 val_mae_orig=2542.3193 obj(val_mae_orig)=2542.3193
[epoch 79] train_loss=1587.0250 val_loss=2521.7046 val_mae_orig=2520.0129 obj(val_mae_orig)=2520.0129
[epoch 80] train_loss=1586.0311 val_loss=2556.0548 val_mae_orig=2553.2295 obj(val_mae_orig)=2553.2295
[epoch 81] train_loss=1570.1771 val_loss=2549.5284 val_mae_orig=2547.1370 obj(val_mae_orig)=2547.1370
[epoch 82] train_loss=1571.9265 val_loss=2524.7594 val_mae_orig=2522.7876 obj(val_mae_orig)=2522.7876
[epoch 83] train_loss=1573.8052 val_loss=2518.0363 val_mae_orig=2515.6538 obj(val_mae_orig)=2515.6538
[epoch 84] train_loss=1568.0059 val_loss=2531.1403 val_mae_orig=2528.5918 obj(val_mae_orig)=2528.5918
[epoch 85] train_loss=1553.1029 val_loss=2547.4748 val_mae_orig=2545.2759 obj(val_mae_orig)=2545.2759
[epoch 86] train_loss=1563.3715 val_loss=2559.4463 val_mae_orig=2557.2585 obj(val_mae_orig)=2557.2585
[epoch 87] train_loss=1548.7850 val_loss=2530.8881 val_mae_orig=2528.5776 obj(val_mae_orig)=2528.5776
[epoch 88] train_loss=1555.8908 val_loss=2536.9763 val_mae_orig=2534.9590 obj(val_mae_orig)=2534.9590
[epoch 89] train_loss=1546.5058 val_loss=2538.9314 val_mae_orig=2537.0312 obj(val_mae_orig)=2537.0312
[epoch 90] train_loss=1545.4136 val_loss=2519.0310 val_mae_orig=2516.3540 obj(val_mae_orig)=2516.3540
[epoch 91] train_loss=1542.6806 val_loss=2530.7069 val_mae_orig=2528.0000 obj(val_mae_orig)=2528.0000
[epoch 92] train_loss=1539.6191 val_loss=2541.9777 val_mae_orig=2539.4729 obj(val_mae_orig)=2539.4729
[epoch 93] train_loss=1543.2470 val_loss=2559.2555 val_mae_orig=2557.1282 obj(val_mae_orig)=2557.1282
[epoch 94] train_loss=1550.2673 val_loss=2537.0752 val_mae_orig=2534.6040 obj(val_mae_orig)=2534.6040
[epoch 95] train_loss=1532.5816 val_loss=2532.5258 val_mae_orig=2530.3704 obj(val_mae_orig)=2530.3704
[epoch 96] train_loss=1530.6149 val_loss=2531.2885 val_mae_orig=2529.1111 obj(val_mae_orig)=2529.1111
[epoch 97] train_loss=1528.0231 val_loss=2516.4495 val_mae_orig=2514.1499 obj(val_mae_orig)=2514.1499
[epoch 98] train_loss=1518.6481 val_loss=2509.6422 val_mae_orig=2508.0723 obj(val_mae_orig)=2508.0723
[epoch 99] train_loss=1515.9229 val_loss=2522.8222 val_mae_orig=2520.0569 obj(val_mae_orig)=2520.0569
[epoch 100] train_loss=1527.6817 val_loss=2522.9422 val_mae_orig=2520.6887 obj(val_mae_orig)=2520.6887
[epoch 101] train_loss=1513.5553 val_loss=2527.5364 val_mae_orig=2525.2229 obj(val_mae_orig)=2525.2229
[epoch 102] train_loss=1525.3236 val_loss=2513.9174 val_mae_orig=2512.2043 obj(val_mae_orig)=2512.2043
[epoch 103] train_loss=1514.1490 val_loss=2515.4251 val_mae_orig=2513.4619 obj(val_mae_orig)=2513.4619
[epoch 104] train_loss=1513.1607 val_loss=2496.2075 val_mae_orig=2493.7988 obj(val_mae_orig)=2493.7988
[epoch 105] train_loss=1511.2648 val_loss=2537.5675 val_mae_orig=2534.9236 obj(val_mae_orig)=2534.9236
[epoch 106] train_loss=1504.2476 val_loss=2509.2147 val_mae_orig=2507.4578 obj(val_mae_orig)=2507.4578
[epoch 107] train_loss=1497.7444 val_loss=2500.4767 val_mae_orig=2498.0278 obj(val_mae_orig)=2498.0278
[epoch 108] train_loss=1505.6281 val_loss=2518.3906 val_mae_orig=2515.7527 obj(val_mae_orig)=2515.7527
[epoch 109] train_loss=1503.7323 val_loss=2512.2413 val_mae_orig=2509.8584 obj(val_mae_orig)=2509.8584
[epoch 110] train_loss=1498.9658 val_loss=2493.5557 val_mae_orig=2491.5039 obj(val_mae_orig)=2491.5039
[epoch 111] train_loss=1496.7572 val_loss=2540.9608 val_mae_orig=2538.4460 obj(val_mae_orig)=2538.4460
[epoch 112] train_loss=1495.6280 val_loss=2539.6971 val_mae_orig=2537.6243 obj(val_mae_orig)=2537.6243
[epoch 113] train_loss=1489.1380 val_loss=2520.5198 val_mae_orig=2517.9055 obj(val_mae_orig)=2517.9055
[epoch 114] train_loss=1484.5013 val_loss=2524.4283 val_mae_orig=2521.9260 obj(val_mae_orig)=2521.9260
[epoch 115] train_loss=1495.6649 val_loss=2522.7362 val_mae_orig=2520.1511 obj(val_mae_orig)=2520.1511
[epoch 116] train_loss=1482.3551 val_loss=2502.1830 val_mae_orig=2499.8213 obj(val_mae_orig)=2499.8213
[epoch 117] train_loss=1487.6174 val_loss=2501.5912 val_mae_orig=2499.4199 obj(val_mae_orig)=2499.4199
[epoch 118] train_loss=1487.9941 val_loss=2502.2234 val_mae_orig=2500.4348 obj(val_mae_orig)=2500.4348
[epoch 119] train_loss=1485.1971 val_loss=2543.7735 val_mae_orig=2542.1489 obj(val_mae_orig)=2542.1489
[epoch 120] train_loss=1469.1555 val_loss=2495.7087 val_mae_orig=2493.6853 obj(val_mae_orig)=2493.6853
[epoch 121] train_loss=1484.2194 val_loss=2523.8461 val_mae_orig=2522.1455 obj(val_mae_orig)=2522.1455
[epoch 122] train_loss=1478.5809 val_loss=2506.5374 val_mae_orig=2503.7908 obj(val_mae_orig)=2503.7908
[epoch 123] train_loss=1488.2370 val_loss=2515.7219 val_mae_orig=2513.3193 obj(val_mae_orig)=2513.3193
[epoch 124] train_loss=1468.2696 val_loss=2505.7747 val_mae_orig=2503.6147 obj(val_mae_orig)=2503.6147
[epoch 125] train_loss=1476.9431 val_loss=2490.2037 val_mae_orig=2488.5515 obj(val_mae_orig)=2488.5515
[epoch 126] train_loss=1468.5920 val_loss=2519.3614 val_mae_orig=2516.4395 obj(val_mae_orig)=2516.4395
[epoch 127] train_loss=1473.8461 val_loss=2546.7194 val_mae_orig=2544.2146 obj(val_mae_orig)=2544.2146
[epoch 128] train_loss=1473.4273 val_loss=2489.5828 val_mae_orig=2486.6943 obj(val_mae_orig)=2486.6943
[epoch 129] train_loss=1470.1929 val_loss=2494.5483 val_mae_orig=2492.1604 obj(val_mae_orig)=2492.1604
[epoch 130] train_loss=1468.4861 val_loss=2515.3167 val_mae_orig=2512.5044 obj(val_mae_orig)=2512.5044
[epoch 131] train_loss=1470.4574 val_loss=2500.1749 val_mae_orig=2497.9692 obj(val_mae_orig)=2497.9692
[epoch 132] train_loss=1463.2927 val_loss=2543.6113 val_mae_orig=2541.0518 obj(val_mae_orig)=2541.0518
[epoch 133] train_loss=1464.2067 val_loss=2529.4186 val_mae_orig=2526.7720 obj(val_mae_orig)=2526.7720
[epoch 134] train_loss=1469.7893 val_loss=2529.5317 val_mae_orig=2527.0725 obj(val_mae_orig)=2527.0725
[epoch 135] train_loss=1478.3094 val_loss=2487.7824 val_mae_orig=2485.1572 obj(val_mae_orig)=2485.1572
[epoch 136] train_loss=1459.4044 val_loss=2509.6122 val_mae_orig=2507.0740 obj(val_mae_orig)=2507.0740
[epoch 137] train_loss=1460.8653 val_loss=2490.4772 val_mae_orig=2487.7461 obj(val_mae_orig)=2487.7461
[epoch 138] train_loss=1454.5607 val_loss=2495.4877 val_mae_orig=2492.9932 obj(val_mae_orig)=2492.9932
[epoch 139] train_loss=1465.4364 val_loss=2497.1367 val_mae_orig=2494.4077 obj(val_mae_orig)=2494.4077
[epoch 140] train_loss=1462.2312 val_loss=2494.8778 val_mae_orig=2492.5835 obj(val_mae_orig)=2492.5835
[epoch 141] train_loss=1458.0581 val_loss=2514.8274 val_mae_orig=2512.3530 obj(val_mae_orig)=2512.3530
[epoch 142] train_loss=1456.7733 val_loss=2581.4018 val_mae_orig=2578.8093 obj(val_mae_orig)=2578.8093
[epoch 143] train_loss=1456.3791 val_loss=2504.8866 val_mae_orig=2502.1348 obj(val_mae_orig)=2502.1348
[epoch 144] train_loss=1442.6755 val_loss=2485.3816 val_mae_orig=2482.9888 obj(val_mae_orig)=2482.9888
[epoch 145] train_loss=1454.8947 val_loss=2517.2453 val_mae_orig=2514.6482 obj(val_mae_orig)=2514.6482
[epoch 146] train_loss=1457.4722 val_loss=2509.5948 val_mae_orig=2507.0679 obj(val_mae_orig)=2507.0679
[epoch 147] train_loss=1454.7124 val_loss=2506.1387 val_mae_orig=2503.4456 obj(val_mae_orig)=2503.4456
[epoch 148] train_loss=1444.9181 val_loss=2547.0876 val_mae_orig=2544.0723 obj(val_mae_orig)=2544.0723
[epoch 149] train_loss=1444.4733 val_loss=2518.9717 val_mae_orig=2516.5581 obj(val_mae_orig)=2516.5581
[epoch 150] train_loss=1440.4561 val_loss=2524.3318 val_mae_orig=2521.0588 obj(val_mae_orig)=2521.0588
[epoch 151] train_loss=1437.3403 val_loss=2506.5705 val_mae_orig=2503.9023 obj(val_mae_orig)=2503.9023
[epoch 152] train_loss=1436.6433 val_loss=2493.7662 val_mae_orig=2490.6567 obj(val_mae_orig)=2490.6567
[epoch 153] train_loss=1446.4927 val_loss=2511.3093 val_mae_orig=2508.2681 obj(val_mae_orig)=2508.2681
[epoch 154] train_loss=1433.4411 val_loss=2522.5036 val_mae_orig=2520.1416 obj(val_mae_orig)=2520.1416
[epoch 155] train_loss=1430.3043 val_loss=2503.1673 val_mae_orig=2499.9714 obj(val_mae_orig)=2499.9714
[epoch 156] train_loss=1436.2458 val_loss=2485.0461 val_mae_orig=2482.5833 obj(val_mae_orig)=2482.5833
[epoch 157] train_loss=1434.5047 val_loss=2490.7545 val_mae_orig=2488.0928 obj(val_mae_orig)=2488.0928
[epoch 158] train_loss=1427.1298 val_loss=2504.5020 val_mae_orig=2501.2310 obj(val_mae_orig)=2501.2310
[epoch 159] train_loss=1428.0840 val_loss=2473.1664 val_mae_orig=2470.0012 obj(val_mae_orig)=2470.0012
[epoch 160] train_loss=1427.4697 val_loss=2485.0271 val_mae_orig=2482.2935 obj(val_mae_orig)=2482.2935
[epoch 161] train_loss=1424.0231 val_loss=2506.6290 val_mae_orig=2503.8032 obj(val_mae_orig)=2503.8032
[epoch 162] train_loss=1425.9543 val_loss=2459.5034 val_mae_orig=2456.2732 obj(val_mae_orig)=2456.2732
[epoch 163] train_loss=1427.9237 val_loss=2490.7559 val_mae_orig=2488.3423 obj(val_mae_orig)=2488.3423
[epoch 164] train_loss=1433.9880 val_loss=2484.9930 val_mae_orig=2482.3765 obj(val_mae_orig)=2482.3765
[epoch 165] train_loss=1425.6715 val_loss=2467.8295 val_mae_orig=2464.9893 obj(val_mae_orig)=2464.9893
[epoch 166] train_loss=1421.6476 val_loss=2553.7767 val_mae_orig=2551.4460 obj(val_mae_orig)=2551.4460
[epoch 167] train_loss=1419.6579 val_loss=2477.5628 val_mae_orig=2474.7454 obj(val_mae_orig)=2474.7454
[epoch 168] train_loss=1441.5449 val_loss=2468.1323 val_mae_orig=2465.8445 obj(val_mae_orig)=2465.8445
[epoch 169] train_loss=1429.3064 val_loss=2483.6868 val_mae_orig=2481.4944 obj(val_mae_orig)=2481.4944
[epoch 170] train_loss=1417.9342 val_loss=2466.8949 val_mae_orig=2464.2939 obj(val_mae_orig)=2464.2939
[epoch 171] train_loss=1432.2271 val_loss=2494.5323 val_mae_orig=2491.7939 obj(val_mae_orig)=2491.7939
[epoch 172] train_loss=1424.2200 val_loss=2483.9886 val_mae_orig=2481.2131 obj(val_mae_orig)=2481.2131
[epoch 173] train_loss=1421.1826 val_loss=2487.0526 val_mae_orig=2484.6157 obj(val_mae_orig)=2484.6157
[epoch 174] train_loss=1414.7464 val_loss=2481.8407 val_mae_orig=2479.1001 obj(val_mae_orig)=2479.1001
[epoch 175] train_loss=1418.6294 val_loss=2498.0870 val_mae_orig=2495.5154 obj(val_mae_orig)=2495.5154
[epoch 176] train_loss=1423.8242 val_loss=2468.3704 val_mae_orig=2465.9658 obj(val_mae_orig)=2465.9658
[epoch 177] train_loss=1419.4956 val_loss=2477.1280 val_mae_orig=2474.3809 obj(val_mae_orig)=2474.3809
[epoch 178] train_loss=1414.1502 val_loss=2521.9544 val_mae_orig=2520.2810 obj(val_mae_orig)=2520.2810
[epoch 179] train_loss=1423.3433 val_loss=2475.3707 val_mae_orig=2473.2366 obj(val_mae_orig)=2473.2366
[epoch 180] train_loss=1418.1881 val_loss=2469.5881 val_mae_orig=2467.4534 obj(val_mae_orig)=2467.4534
[epoch 181] train_loss=1423.8169 val_loss=2498.5270 val_mae_orig=2496.4524 obj(val_mae_orig)=2496.4524
[epoch 182] train_loss=1402.3542 val_loss=2467.4318 val_mae_orig=2466.1155 obj(val_mae_orig)=2466.1155
[epoch 183] train_loss=1401.5745 val_loss=2480.5397 val_mae_orig=2478.3918 obj(val_mae_orig)=2478.3918
[epoch 184] train_loss=1412.4045 val_loss=2465.4750 val_mae_orig=2462.8857 obj(val_mae_orig)=2462.8857
[epoch 185] train_loss=1397.8287 val_loss=2505.1568 val_mae_orig=2502.5767 obj(val_mae_orig)=2502.5767
[epoch 186] train_loss=1407.7373 val_loss=2466.5431 val_mae_orig=2464.0503 obj(val_mae_orig)=2464.0503
[epoch 187] train_loss=1407.0798 val_loss=2458.2446 val_mae_orig=2455.5752 obj(val_mae_orig)=2455.5752
[epoch 188] train_loss=1397.3722 val_loss=2540.1646 val_mae_orig=2538.1333 obj(val_mae_orig)=2538.1333
[epoch 189] train_loss=1401.2106 val_loss=2491.5960 val_mae_orig=2489.3123 obj(val_mae_orig)=2489.3123
[epoch 190] train_loss=1400.0451 val_loss=2483.1702 val_mae_orig=2480.7405 obj(val_mae_orig)=2480.7405
[epoch 191] train_loss=1411.9209 val_loss=2579.7898 val_mae_orig=2577.6089 obj(val_mae_orig)=2577.6089
[epoch 192] train_loss=1413.2954 val_loss=2494.9716 val_mae_orig=2491.8147 obj(val_mae_orig)=2491.8147
[epoch 193] train_loss=1410.5923 val_loss=2477.3697 val_mae_orig=2475.1377 obj(val_mae_orig)=2475.1377
[epoch 194] train_loss=1407.2585 val_loss=2525.2273 val_mae_orig=2522.3000 obj(val_mae_orig)=2522.3000
[epoch 195] train_loss=1401.7954 val_loss=2460.1156 val_mae_orig=2457.2991 obj(val_mae_orig)=2457.2991
[epoch 196] train_loss=1388.0750 val_loss=2469.4881 val_mae_orig=2466.5513 obj(val_mae_orig)=2466.5513
[epoch 197] train_loss=1408.4493 val_loss=2486.3723 val_mae_orig=2483.6147 obj(val_mae_orig)=2483.6147
[epoch 198] train_loss=1401.4235 val_loss=2500.9031 val_mae_orig=2498.4578 obj(val_mae_orig)=2498.4578
[epoch 199] train_loss=1411.9079 val_loss=2466.8642 val_mae_orig=2464.5637 obj(val_mae_orig)=2464.5637
[epoch 200] train_loss=1397.4430 val_loss=2502.1817 val_mae_orig=2499.4258 obj(val_mae_orig)=2499.4258
[epoch 201] train_loss=1390.1550 val_loss=2465.2122 val_mae_orig=2461.9814 obj(val_mae_orig)=2461.9814
[epoch 202] train_loss=1401.2341 val_loss=2487.3317 val_mae_orig=2485.0459 obj(val_mae_orig)=2485.0459
[epoch 203] train_loss=1390.3460 val_loss=2467.7991 val_mae_orig=2465.4961 obj(val_mae_orig)=2465.4961
[epoch 204] train_loss=1400.4412 val_loss=2502.3211 val_mae_orig=2499.7490 obj(val_mae_orig)=2499.7490
[epoch 205] train_loss=1404.6821 val_loss=2482.0202 val_mae_orig=2478.9490 obj(val_mae_orig)=2478.9490
[epoch 206] train_loss=1385.2603 val_loss=2492.9458 val_mae_orig=2490.2351 obj(val_mae_orig)=2490.2351
[epoch 207] train_loss=1397.8297 val_loss=2468.0939 val_mae_orig=2465.4670 obj(val_mae_orig)=2465.4670
[epoch 208] train_loss=1388.2666 val_loss=2500.2776 val_mae_orig=2497.7952 obj(val_mae_orig)=2497.7952
[epoch 209] train_loss=1393.7409 val_loss=2490.4742 val_mae_orig=2487.5063 obj(val_mae_orig)=2487.5063
[epoch 210] train_loss=1392.7046 val_loss=2506.7346 val_mae_orig=2504.0728 obj(val_mae_orig)=2504.0728
[epoch 211] train_loss=1392.6607 val_loss=2467.9163 val_mae_orig=2465.3315 obj(val_mae_orig)=2465.3315
[epoch 212] train_loss=1393.6475 val_loss=2475.0174 val_mae_orig=2472.0110 obj(val_mae_orig)=2472.0110
[epoch 213] train_loss=1392.8307 val_loss=2477.9161 val_mae_orig=2474.5142 obj(val_mae_orig)=2474.5142
[epoch 214] train_loss=1396.5738 val_loss=2490.9406 val_mae_orig=2488.2698 obj(val_mae_orig)=2488.2698
[epoch 215] train_loss=1394.5179 val_loss=2447.3872 val_mae_orig=2444.0542 obj(val_mae_orig)=2444.0542
[epoch 216] train_loss=1393.3075 val_loss=2515.9753 val_mae_orig=2513.2671 obj(val_mae_orig)=2513.2671
[epoch 217] train_loss=1381.9861 val_loss=2455.3489 val_mae_orig=2453.3337 obj(val_mae_orig)=2453.3337
[epoch 218] train_loss=1397.9163 val_loss=2459.9478 val_mae_orig=2457.4546 obj(val_mae_orig)=2457.4546
[epoch 219] train_loss=1382.6840 val_loss=2486.9402 val_mae_orig=2484.7273 obj(val_mae_orig)=2484.7273
[epoch 220] train_loss=1376.3224 val_loss=2475.8127 val_mae_orig=2473.2800 obj(val_mae_orig)=2473.2800
[epoch 221] train_loss=1384.4268 val_loss=2515.7038 val_mae_orig=2513.9573 obj(val_mae_orig)=2513.9573
[epoch 222] train_loss=1390.4765 val_loss=2485.4252 val_mae_orig=2483.2141 obj(val_mae_orig)=2483.2141
[epoch 223] train_loss=1383.5030 val_loss=2515.8184 val_mae_orig=2513.4983 obj(val_mae_orig)=2513.4983
[epoch 224] train_loss=1374.4457 val_loss=2459.7873 val_mae_orig=2458.0156 obj(val_mae_orig)=2458.0156
[epoch 225] train_loss=1382.0656 val_loss=2476.3556 val_mae_orig=2474.2397 obj(val_mae_orig)=2474.2397
[epoch 226] train_loss=1376.6027 val_loss=2489.1100 val_mae_orig=2486.7722 obj(val_mae_orig)=2486.7722
[epoch 227] train_loss=1383.3111 val_loss=2482.1711 val_mae_orig=2479.5957 obj(val_mae_orig)=2479.5957
[epoch 228] train_loss=1379.0788 val_loss=2458.1780 val_mae_orig=2455.7383 obj(val_mae_orig)=2455.7383
[epoch 229] train_loss=1391.5661 val_loss=2511.8474 val_mae_orig=2509.6885 obj(val_mae_orig)=2509.6885
[epoch 230] train_loss=1376.7112 val_loss=2491.2973 val_mae_orig=2488.9360 obj(val_mae_orig)=2488.9360
[epoch 231] train_loss=1380.8019 val_loss=2482.7564 val_mae_orig=2480.7554 obj(val_mae_orig)=2480.7554
[epoch 232] train_loss=1372.2134 val_loss=2466.0319 val_mae_orig=2465.0356 obj(val_mae_orig)=2465.0356
[epoch 233] train_loss=1383.1442 val_loss=2495.8671 val_mae_orig=2493.9609 obj(val_mae_orig)=2493.9609
[epoch 234] train_loss=1381.6315 val_loss=2464.9083 val_mae_orig=2463.0842 obj(val_mae_orig)=2463.0842
[epoch 235] train_loss=1382.4203 val_loss=2441.8183 val_mae_orig=2439.5237 obj(val_mae_orig)=2439.5237
[epoch 236] train_loss=1373.5588 val_loss=2477.2766 val_mae_orig=2474.4253 obj(val_mae_orig)=2474.4253
[epoch 237] train_loss=1373.2572 val_loss=2458.8058 val_mae_orig=2456.1614 obj(val_mae_orig)=2456.1614
[epoch 238] train_loss=1380.3558 val_loss=2485.4412 val_mae_orig=2482.7319 obj(val_mae_orig)=2482.7319
[epoch 239] train_loss=1367.4463 val_loss=2450.5223 val_mae_orig=2447.5808 obj(val_mae_orig)=2447.5808
[epoch 240] train_loss=1380.4710 val_loss=2450.9882 val_mae_orig=2448.4299 obj(val_mae_orig)=2448.4299
[epoch 241] train_loss=1365.3780 val_loss=2464.0115 val_mae_orig=2461.5508 obj(val_mae_orig)=2461.5508
[epoch 242] train_loss=1375.6748 val_loss=2453.2446 val_mae_orig=2450.6047 obj(val_mae_orig)=2450.6047
[epoch 243] train_loss=1376.6468 val_loss=2476.7890 val_mae_orig=2474.1890 obj(val_mae_orig)=2474.1890
[epoch 244] train_loss=1358.0269 val_loss=2496.6268 val_mae_orig=2493.8975 obj(val_mae_orig)=2493.8975
[epoch 245] train_loss=1371.4311 val_loss=2486.3342 val_mae_orig=2483.9756 obj(val_mae_orig)=2483.9756
[epoch 246] train_loss=1371.4320 val_loss=2457.9562 val_mae_orig=2456.0757 obj(val_mae_orig)=2456.0757
[epoch 247] train_loss=1389.6261 val_loss=2456.3612 val_mae_orig=2454.2922 obj(val_mae_orig)=2454.2922
[epoch 248] train_loss=1374.7183 val_loss=2473.9933 val_mae_orig=2471.7720 obj(val_mae_orig)=2471.7720
[epoch 249] train_loss=1371.9589 val_loss=2493.7901 val_mae_orig=2491.0469 obj(val_mae_orig)=2491.0469
[epoch 250] train_loss=1375.1456 val_loss=2483.6784 val_mae_orig=2480.7805 obj(val_mae_orig)=2480.7805
[epoch 251] train_loss=1362.5007 val_loss=2454.0388 val_mae_orig=2450.8743 obj(val_mae_orig)=2450.8743
[epoch 252] train_loss=1372.6312 val_loss=2496.2586 val_mae_orig=2493.1335 obj(val_mae_orig)=2493.1335
[epoch 253] train_loss=1366.8053 val_loss=2482.6215 val_mae_orig=2480.3962 obj(val_mae_orig)=2480.3962
[epoch 254] train_loss=1372.3385 val_loss=2457.3044 val_mae_orig=2454.9846 obj(val_mae_orig)=2454.9846
[epoch 255] train_loss=1385.3884 val_loss=2457.7260 val_mae_orig=2455.0620 obj(val_mae_orig)=2455.0620
[epoch 256] train_loss=1363.1063 val_loss=2458.7772 val_mae_orig=2456.5771 obj(val_mae_orig)=2456.5771
[epoch 257] train_loss=1365.5459 val_loss=2452.5976 val_mae_orig=2450.3984 obj(val_mae_orig)=2450.3984
[epoch 258] train_loss=1362.1725 val_loss=2475.7072 val_mae_orig=2472.7253 obj(val_mae_orig)=2472.7253
[epoch 259] train_loss=1366.2514 val_loss=2475.8233 val_mae_orig=2473.4216 obj(val_mae_orig)=2473.4216
[epoch 260] train_loss=1358.5556 val_loss=2501.3014 val_mae_orig=2498.7019 obj(val_mae_orig)=2498.7019
[epoch 261] train_loss=1364.6281 val_loss=2453.1095 val_mae_orig=2450.2046 obj(val_mae_orig)=2450.2046
[epoch 262] train_loss=1370.0776 val_loss=2479.3966 val_mae_orig=2476.5894 obj(val_mae_orig)=2476.5894
[epoch 263] train_loss=1362.2652 val_loss=2474.4367 val_mae_orig=2471.6853 obj(val_mae_orig)=2471.6853
[epoch 264] train_loss=1364.2268 val_loss=2464.5954 val_mae_orig=2462.0076 obj(val_mae_orig)=2462.0076
[epoch 265] train_loss=1361.3829 val_loss=2455.2110 val_mae_orig=2452.2991 obj(val_mae_orig)=2452.2991
[early_stop] Stopping after epoch 265: no improvement in 30 epochs (best val_mae_orig=2439.5237 at epoch 235)
[eval-after-train] Saved train predictions to: outputs/evals/point_300_epochs_200ep_s1_20251121-095142/train_preds.csv
[eval-after-train] Saved val predictions to: outputs/evals/point_300_epochs_200ep_s1_20251121-095142/val_preds.csv
[eval-after-train] Saved test predictions to: outputs/evals/point_300_epochs_200ep_s1_20251121-095142/test_preds.csv
